2024-10-12 18:28:17 [EROR] [C:/Users/赤/Desktop/大四/ticket-service/main.go:35] ticket_service exit with error: listen tcp: lookup tcp/%!d(string=8041): getaddrinfow: The specified class was not found.
2024-10-14 18:09:03 [EROR] [C:/Users/赤/Desktop/大四/ticket-service/httpserver/app/response.go:40] Request [GET] [/login] Error.HttpCode[200] BusinessCode[5001] Message[请求URL不存在] ErrDetail[<nil>]
2024-10-14 18:12:43 [EROR] [C:/Users/赤/Desktop/大四/ticket-service/httpserver/app/response.go:40] Request [GET] [/login] Error.HttpCode[200] BusinessCode[5001] Message[请求URL不存在] ErrDetail[<nil>]
2024-10-14 18:16:17 [EROR] [C:/Users/赤/Desktop/大四/ticket-service/httpserver/app/response.go:40] Request [GET] [/ping] Error.HttpCode[200] BusinessCode[5001] Message[请求URL不存在] ErrDetail[<nil>]
2024-10-14 18:21:08 [EROR] [C:/Users/赤/Desktop/大四/ticket-service/httpserver/app/response.go:40] Request [GET] [/api/user/ping] Error.HttpCode[200] BusinessCode[5001] Message[请求URL不存在] ErrDetail[<nil>]
2024-10-14 18:21:33 [EROR] [C:/Users/赤/Desktop/大四/ticket-service/httpserver/app/response.go:40] Request [GET] [/api/ping] Error.HttpCode[401] BusinessCode[9999] Message[非法登录] ErrDetail[<nil>]
2024-10-14 18:22:41 [EROR] [C:/Users/赤/Desktop/大四/ticket-service/httpserver/app/response.go:40] Request [GET] [/api/ping] Error.HttpCode[401] BusinessCode[9999] Message[非法登录] ErrDetail[<nil>]
2024-10-14 18:23:25 [EROR] [C:/Users/赤/Desktop/大四/ticket-service/httpserver/app/response.go:40] Request [GET] [/api/ping] Error.HttpCode[401] BusinessCode[9999] Message[非法登录] ErrDetail[<nil>]
2024-10-14 18:24:24 [EROR] [C:/Users/赤/Desktop/大四/ticket-service/httpserver/app/response.go:40] Request [GET] [/api/ping] Error.HttpCode[401] BusinessCode[9999] Message[非法登录] ErrDetail[<nil>]
2024-10-15 10:49:46 [EROR] [C:/Users/赤/Desktop/大四/ticket-service/httpserver/app/response.go:40] Request [POST] [/api/register] Error.HttpCode[200] BusinessCode[5002] Message[读取请求参数失败] ErrDetail[<nil>]
2024-10-15 10:51:01 [EROR] [C:/Users/赤/Desktop/大四/ticket-service/httpserver/app/response.go:40] Request [POST] [/api/register] Error.HttpCode[200] BusinessCode[5003] Message[参数验证错误phone] ErrDetail[<nil>]
2024-10-15 10:51:32 [EROR] [C:/Users/赤/Desktop/大四/ticket-service/database/common.go:126] [user]ListEntityByFilter Error.filter[map[string]interface {}{"username":"admin"}] params[model.QueryParams{SubQueries:[]*model.SubQuery(nil), Orders:[]model.Order(nil), Limit:(*int)(0x135c248), Offset:(*int)(0x141e0e8), InQueries:[]*model.InQuery(nil), RangeQueries:[]*model.RangeQuery(nil), CompareQueries:[]*model.CompareQuery(nil), NotInQueries:[]map[string]interface {}(nil), GroupFields:[]string(nil), DistinctQueries:[]string(nil)}] err[&mysql.MySQLError{Number:0x47a, SQLState:[5]uint8{0x34, 0x32, 0x53, 0x30, 0x32}, Message:"Table 'ticket.user' doesn't exist"}]
2024-10-15 10:51:32 [EROR] [C:/Users/赤/Desktop/大四/ticket-service/service/user.go:44] 用户名查找失败. err:[Error 1146 (42S02): Table 'ticket.user' doesn't exist]
2024-10-15 10:51:32 [EROR] [C:/Users/赤/Desktop/大四/ticket-service/httpserver/app/response.go:40] Request [POST] [/api/register] Error.HttpCode[200] BusinessCode[9999] Message[修改/创建数据失败] ErrDetail[Error 1146 (42S02): Table 'ticket.user' doesn't exist]
2024-10-15 10:55:15 [EROR] [C:/Users/赤/Desktop/大四/ticket-service/httpserver/app/response.go:40] Request [POST] [/api/register] Error.HttpCode[200] BusinessCode[5003] Message[参数验证错误phone] ErrDetail[<nil>]
2024-10-15 10:59:51 [EROR] [C:/Users/赤/Desktop/大四/ticket-service/httpserver/app/response.go:40] Request [POST] [/api/register] Error.HttpCode[401] BusinessCode[5003] Message[参数验证错误phone] ErrDetail[<nil>]
2024-10-15 11:04:03 [EROR] [C:/Users/赤/Desktop/大四/ticket-service/httpserver/app/response.go:40] Request [POST] [/api/register] Error.HttpCode[500] BusinessCode[0] Message[用户名已经存在] ErrDetail[用户名已经存在]
2024-10-15 11:06:45 [EROR] [C:/Users/赤/Desktop/大四/ticket-service/httpserver/app/response.go:40] Request [POST] [/api/register] Error.HttpCode[401] BusinessCode[9999] Message[非法登录] ErrDetail[<nil>]
2024-10-15 11:06:49 [EROR] [C:/Users/赤/Desktop/大四/ticket-service/httpserver/app/response.go:40] Request [POST] [/api/register] Error.HttpCode[401] BusinessCode[9999] Message[非法登录] ErrDetail[<nil>]
2024-10-15 11:06:50 [EROR] [C:/Users/赤/Desktop/大四/ticket-service/httpserver/app/response.go:40] Request [POST] [/api/register] Error.HttpCode[401] BusinessCode[9999] Message[非法登录] ErrDetail[<nil>]
2024-10-15 11:34:27 [EROR] [C:/Users/赤/Desktop/大四/ticket-service/httpserver/app/response.go:40] Request [POST] [/api/update_user] Error.HttpCode[401] BusinessCode[9999] Message[非法登录] ErrDetail[<nil>]
2024-10-15 11:47:40 [EROR] [C:/Users/赤/Desktop/大四/ticket-service/httpserver/app/response.go:40] Request [GET] [/api/query_user] Error.HttpCode[404] BusinessCode[5001] Message[请求URL不存在] ErrDetail[<nil>]
2024-10-15 12:01:20 [EROR] [C:/Users/赤/Desktop/大四/ticket-service/httpserver/app/response.go:40] Request [DELETE] [/api/delete_user/a05221f7-3f9d-472d-b6ca-e49741cbc954] Error.HttpCode[401] BusinessCode[5002] Message[读取请求参数失败] ErrDetail[<nil>]
2024-10-15 12:02:31 [EROR] [C:/Users/赤/Desktop/大四/ticket-service/httpserver/app/response.go:40] Request [DELETE] [/api/delete_user/a05221f7-3f9d-472d-b6ca-e49741cbc954] Error.HttpCode[401] BusinessCode[5002] Message[读取请求参数失败] ErrDetail[<nil>]
2024-10-15 12:10:35 [EROR] [C:/Users/赤/Desktop/大四/ticket-service/httpserver/app/response.go:40] Request [DELETE] [/api/delete_user/a05221f7-3f9d-472d-b6ca-e49741cbc954] Error.HttpCode[401] BusinessCode[5002] Message[读取请求参数失败] ErrDetail[<nil>]
2024-10-15 12:10:57 [EROR] [C:/Users/赤/Desktop/大四/ticket-service/httpserver/app/response.go:40] Request [DELETE] [/api/delete_user/?uuid=a05221f7-3f9d-472d-b6ca-e49741cbc954] Error.HttpCode[404] BusinessCode[5001] Message[请求URL不存在] ErrDetail[<nil>]
2024-10-15 12:19:25 [WARN] [C:/Users/赤/Desktop/大四/ticket-service/database/common.go:249] [user]DeleteEntityByFilter Warn.filter[map[string]interface {}{"uuid":[16]uint8{0xa0, 0x52, 0x21, 0xf7, 0x3f, 0x9d, 0x47, 0x2d, 0xb6, 0xca, 0xe4, 0x97, 0x41, 0xcb, 0xc9, 0x54}}] params[model.QueryParams{SubQueries:[]*model.SubQuery(nil), Orders:[]model.Order(nil), Limit:(*int)(nil), Offset:(*int)(nil), InQueries:[]*model.InQuery(nil), RangeQueries:[]*model.RangeQuery(nil), CompareQueries:[]*model.CompareQuery(nil), NotInQueries:[]map[string]interface {}(nil), GroupFields:[]string(nil), DistinctQueries:[]string(nil)}]
2024-10-15 14:28:36 [EROR] [C:/Users/赤/Desktop/大四/ticket-service/httpserver/app/response.go:40] Request [POST] [/api/update_user] Error.HttpCode[500] BusinessCode[0] Message[uuid不存在] ErrDetail[uuid不存在]
2024-10-15 14:30:14 [EROR] [C:/Users/赤/Desktop/大四/ticket-service/httpserver/app/response.go:40] Request [POST] [/api/update_user] Error.HttpCode[500] BusinessCode[0] Message[id不存在] ErrDetail[id不存在]
2024-10-15 15:33:10 [EROR] [C:/Users/赤/Desktop/大四/ticket-service/httpserver/app/response.go:40] Request [POST] [/api/change_password] Error.HttpCode[401] BusinessCode[5002] Message[读取请求参数失败] ErrDetail[<nil>]
2024-10-15 15:34:33 [EROR] [C:/Users/赤/Desktop/大四/ticket-service/httpserver/app/response.go:40] Request [POST] [/api/change_password] Error.HttpCode[401] BusinessCode[5003] Message[参数验证错误oldPass] ErrDetail[<nil>]
2024-10-15 15:34:45 [EROR] [C:/Users/赤/Desktop/大四/ticket-service/service/user.go:174] 原密码错误. err:[<nil>]
2024-10-15 15:35:37 [EROR] [C:/Users/赤/Desktop/大四/ticket-service/service/user.go:174] 原密码错误. err:[<nil>]
2024-10-15 15:36:38 [EROR] [C:/Users/赤/Desktop/大四/ticket-service/httpserver/app/response.go:40] Request [POST] [/api/change_password] Error.HttpCode[500] BusinessCode[5003] Message[参数验证错误oldPass] ErrDetail[参数验证错误oldPass]
2024-10-15 15:36:54 [EROR] [C:/Users/赤/Desktop/大四/ticket-service/httpserver/app/response.go:40] Request [POST] [/api/change_password] Error.HttpCode[500] BusinessCode[5003] Message[参数验证错误oldPass] ErrDetail[参数验证错误oldPass]
2024-10-15 15:36:58 [EROR] [C:/Users/赤/Desktop/大四/ticket-service/httpserver/app/response.go:40] Request [POST] [/api/change_password] Error.HttpCode[500] BusinessCode[5003] Message[参数验证错误oldPass] ErrDetail[参数验证错误oldPass]
2024-10-15 15:37:20 [EROR] [C:/Users/赤/Desktop/大四/ticket-service/httpserver/app/response.go:40] Request [POST] [/api/change_password] Error.HttpCode[500] BusinessCode[5003] Message[参数验证错误oldPass] ErrDetail[参数验证错误oldPass]
2024-10-15 15:38:44 [EROR] [C:/Users/赤/Desktop/大四/ticket-service/httpserver/app/response.go:40] Request [POST] [/api/update_user] Error.HttpCode[401] BusinessCode[5003] Message[参数验证错误uuid] ErrDetail[<nil>]
2024-10-15 15:38:51 [EROR] [C:/Users/赤/Desktop/大四/ticket-service/httpserver/app/response.go:40] Request [POST] [/api/register] Error.HttpCode[401] BusinessCode[5003] Message[参数验证错误uuid] ErrDetail[<nil>]
2024-10-15 15:46:08 [EROR] [C:/Users/赤/Desktop/大四/ticket-service/httpserver/app/response.go:40] Request [POST] [/api/change_password] Error.HttpCode[500] BusinessCode[5003] Message[参数验证错误oldPass] ErrDetail[参数验证错误oldPass]
2024-10-15 15:47:39 [EROR] [C:/Users/赤/Desktop/大四/ticket-service/httpserver/app/response.go:40] Request [POST] [/api/change_password] Error.HttpCode[500] BusinessCode[5003] Message[参数验证错误oldPass] ErrDetail[参数验证错误oldPass]
2024-10-15 15:47:53 [EROR] [C:/Users/赤/Desktop/大四/ticket-service/httpserver/app/response.go:40] Request [POST] [/api/change_password] Error.HttpCode[500] BusinessCode[5003] Message[参数验证错误oldPass] ErrDetail[参数验证错误oldPass]
2024-10-15 15:48:07 [EROR] [C:/Users/赤/Desktop/大四/ticket-service/httpserver/app/response.go:40] Request [POST] [/api/change_password] Error.HttpCode[500] BusinessCode[5003] Message[参数验证错误oldPass] ErrDetail[参数验证错误oldPass]
2024-10-15 15:54:39 [EROR] [C:/Users/赤/Desktop/大四/ticket-service/httpserver/app/response.go:40] Request [POST] [/api/change_password] Error.HttpCode[500] BusinessCode[5007] Message[修改数据失败] ErrDetail[密码错误oldPass]
2024-10-15 15:56:37 [EROR] [C:/Users/赤/Desktop/大四/ticket-service/httpserver/app/response.go:40] Request [POST] [/api/change_password] Error.HttpCode[500] BusinessCode[5007] Message[修改数据失败] ErrDetail[密码错误oldPass]
2024-10-15 15:59:27 [EROR] [C:/Users/赤/Desktop/大四/ticket-service/httpserver/app/response.go:41] Request [POST] [/api/change_password] Error.HttpCode[500] BusinessCode[5007] Message[修改数据失败] ErrDetail[密码错误oldPass]
2024-10-15 16:04:16 [EROR] [C:/Users/赤/Desktop/大四/ticket-service/httpserver/app/response.go:41] Request [POST] [/api/change_password] Error.HttpCode[500] BusinessCode[5007] Message[修改数据失败] ErrDetail[密码错误%!(EXTRA string=oldPass)]
2024-10-15 16:04:52 [EROR] [C:/Users/赤/Desktop/大四/ticket-service/httpserver/app/response.go:41] Request [POST] [/api/change_password] Error.HttpCode[500] BusinessCode[5014] Message[密码错误] ErrDetail[密码错误]
2024-10-15 16:05:58 [EROR] [C:/Users/赤/Desktop/大四/ticket-service/httpserver/app/response.go:41] Request [POST] [/api/change_password] Error.HttpCode[500] BusinessCode[5015] Message[旧密码错误] ErrDetail[旧密码错误]
2024-10-15 16:33:40 [EROR] [C:/Users/赤/Desktop/大四/ticket-service/httpserver/app/response.go:41] Request [POST] [/api/login] Error.HttpCode[401] BusinessCode[5003] Message[参数验证错误phone] ErrDetail[<nil>]
2024-10-15 16:35:32 [EROR] [C:/Users/赤/Desktop/大四/ticket-service/httpserver/app/response.go:41] Request [POST] [/api/login] Error.HttpCode[500] BusinessCode[5015] Message[旧密码错误] ErrDetail[旧密码错误]
2024-10-15 16:37:02 [EROR] [C:/Users/赤/Desktop/大四/ticket-service/httpserver/app/response.go:41] Request [POST] [/api/login] Error.HttpCode[500] BusinessCode[0] Message[用户名不存在] ErrDetail[用户名不存在]
2024-10-15 16:37:10 [EROR] [C:/Users/赤/Desktop/大四/ticket-service/httpserver/app/response.go:41] Request [POST] [/api/login] Error.HttpCode[500] BusinessCode[5014] Message[密码错误] ErrDetail[密码错误]
2024-10-15 16:37:14 [EROR] [C:/Users/赤/Desktop/大四/ticket-service/httpserver/app/response.go:41] Request [POST] [/api/login] Error.HttpCode[500] BusinessCode[5014] Message[密码错误] ErrDetail[密码错误]
2024-10-15 16:46:21 [EROR] [C:/Users/赤/Desktop/大四/ticket-service/httpserver/app/response.go:41] Request [POST] [/api/login] Error.HttpCode[500] BusinessCode[0] Message[用户名不存在] ErrDetail[用户名不存在]
2024-10-15 16:46:27 [EROR] [C:/Users/赤/Desktop/大四/ticket-service/httpserver/app/response.go:41] Request [POST] [/api/login] Error.HttpCode[500] BusinessCode[5014] Message[密码错误] ErrDetail[密码错误]
2024-10-16 11:14:43 [EROR] [C:/Users/赤/Desktop/大四/ticket-service/database/database.go:94] init table[train] error.[unsupported data type: &[]]
2024-10-16 11:36:22 [EROR] [C:/Users/赤/Desktop/大四/ticket-service/httpserver/app/response.go:41] Request [POST] [/api/create_train] Error.HttpCode[401] BusinessCode[5003] Message[参数验证错误pass_city] ErrDetail[<nil>]
2024-10-16 11:37:09 [EROR] [C:/Users/赤/Desktop/大四/ticket-service/database/common.go:175] [user]CreateEntity Error.entity[&model.Train{Model:model.Model{ID:0, CreatedAt:model.LocalTime{wall:0x3993fd80, ext:63864646629, loc:(*time.Location)(0xd68640)}, UpdatedAt:model.LocalTime{wall:0x3993fd80, ext:63864646629, loc:(*time.Location)(0xd68640)}, DeletedAt:gorm.DeletedAt{Time:time.Date(1, time.January, 1, 0, 0, 0, 0, time.UTC), Valid:false}}, Name:"T330", PassCity:"", StartAt:time.Date(1, time.January, 1, 0, 0, 0, 0, time.UTC), Start:"BJ", End:"GZ", SeatsID:0}] err[&mysql.MySQLError{Number:0x41e, SQLState:[5]uint8{0x34, 0x32, 0x53, 0x32, 0x32}, Message:"Unknown column 'name' in 'field list'"}]
2024-10-16 11:37:09 [EROR] [C:/Users/赤/Desktop/大四/ticket-service/service/train.go:45] 用户注册失败. err:[Error 1054 (42S22): Unknown column 'name' in 'field list']
2024-10-16 11:37:09 [EROR] [C:/Users/赤/Desktop/大四/ticket-service/httpserver/app/response.go:41] Request [POST] [/api/create_train] Error.HttpCode[500] BusinessCode[5005] Message[创建数据失败] ErrDetail[Error 1054 (42S22): Unknown column 'name' in 'field list']
2024-10-16 11:40:43 [EROR] [C:/Users/赤/Desktop/大四/ticket-service/database/common.go:175] [user]CreateEntity Error.entity[&model.Train{Model:model.Model{ID:0, CreatedAt:model.LocalTime{wall:0x16789040, ext:63864646843, loc:(*time.Location)(0xd68640)}, UpdatedAt:model.LocalTime{wall:0x16789040, ext:63864646843, loc:(*time.Location)(0xd68640)}, DeletedAt:gorm.DeletedAt{Time:time.Date(1, time.January, 1, 0, 0, 0, 0, time.UTC), Valid:false}}, Name:"T330", PassCity:"", StartAt:time.Date(1, time.January, 1, 0, 0, 0, 0, time.UTC), Start:"BJ", End:"GZ", SeatsID:0}] err[&mysql.MySQLError{Number:0x41e, SQLState:[5]uint8{0x34, 0x32, 0x53, 0x32, 0x32}, Message:"Unknown column 'name' in 'field list'"}]
2024-10-16 11:40:43 [EROR] [C:/Users/赤/Desktop/大四/ticket-service/service/train.go:45] 用户注册失败. err:[Error 1054 (42S22): Unknown column 'name' in 'field list']
2024-10-16 11:40:43 [EROR] [C:/Users/赤/Desktop/大四/ticket-service/httpserver/app/response.go:41] Request [POST] [/api/create_train] Error.HttpCode[500] BusinessCode[5005] Message[创建数据失败] ErrDetail[Error 1054 (42S22): Unknown column 'name' in 'field list']
2024-10-16 11:42:36 [EROR] [C:/Users/赤/Desktop/大四/ticket-service/database/common.go:175] [train]CreateEntity Error.entity[&model.Train{Model:model.Model{ID:0, CreatedAt:model.LocalTime{wall:0x3436b300, ext:63864646956, loc:(*time.Location)(0x1bc8640)}, UpdatedAt:model.LocalTime{wall:0x3436b300, ext:63864646956, loc:(*time.Location)(0x1bc8640)}, DeletedAt:gorm.DeletedAt{Time:time.Date(1, time.January, 1, 0, 0, 0, 0, time.UTC), Valid:false}}, Name:"T330", PassCity:"", StartAt:time.Date(1, time.January, 1, 0, 0, 0, 0, time.UTC), Start:"BJ", End:"GZ", SeatsID:0}] err[&mysql.MySQLError{Number:0x50c, SQLState:[5]uint8{0x32, 0x32, 0x30, 0x30, 0x37}, Message:"Incorrect datetime value: '0000-00-00' for column 'start_at' at row 1"}]
2024-10-16 11:42:36 [EROR] [C:/Users/赤/Desktop/大四/ticket-service/service/train.go:45] 创建列车. err:[Error 1292 (22007): Incorrect datetime value: '0000-00-00' for column 'start_at' at row 1]
2024-10-16 11:42:36 [EROR] [C:/Users/赤/Desktop/大四/ticket-service/httpserver/app/response.go:41] Request [POST] [/api/create_train] Error.HttpCode[500] BusinessCode[5005] Message[创建数据失败] ErrDetail[Error 1292 (22007): Incorrect datetime value: '0000-00-00' for column 'start_at' at row 1]
2024-10-16 11:44:37 [EROR] [C:/Users/赤/Desktop/大四/ticket-service/database/common.go:175] [train]CreateEntity Error.entity[&model.Train{Model:model.Model{ID:0, CreatedAt:model.LocalTime{wall:0x1e753dc0, ext:63864647077, loc:(*time.Location)(0x1b28640)}, UpdatedAt:model.LocalTime{wall:0x1e753dc0, ext:63864647077, loc:(*time.Location)(0x1b28640)}, DeletedAt:gorm.DeletedAt{Time:time.Date(1, time.January, 1, 0, 0, 0, 0, time.UTC), Valid:false}}, Name:"T330", PassCity:"", StartAt:time.Date(1, time.January, 1, 0, 0, 0, 0, time.UTC), Start:"BJ", End:"GZ", SeatsID:0}] err[&mysql.MySQLError{Number:0x50c, SQLState:[5]uint8{0x32, 0x32, 0x30, 0x30, 0x37}, Message:"Incorrect datetime value: '0000-00-00' for column 'start_at' at row 1"}]
2024-10-16 11:44:37 [EROR] [C:/Users/赤/Desktop/大四/ticket-service/service/train.go:45] 创建列车. err:[Error 1292 (22007): Incorrect datetime value: '0000-00-00' for column 'start_at' at row 1]
2024-10-16 11:44:37 [EROR] [C:/Users/赤/Desktop/大四/ticket-service/httpserver/app/response.go:41] Request [POST] [/api/create_train] Error.HttpCode[500] BusinessCode[5005] Message[创建数据失败] ErrDetail[Error 1292 (22007): Incorrect datetime value: '0000-00-00' for column 'start_at' at row 1]
2024-10-16 12:20:58 [EROR] [C:/Users/赤/Desktop/大四/ticket-service/database/common.go:154] [user]ListEntityByFilter Error.filter[map[string]interface {}{}] params[model.QueryParams{SubQueries:[]*model.SubQuery(nil), Orders:[]model.Order{model.Order{Field:"id", Direction:"asc"}}, Limit:(*int)(nil), Offset:(*int)(nil), InQueries:[]*model.InQuery(nil), RangeQueries:[]*model.RangeQuery(nil), CompareQueries:[]*model.CompareQuery(nil), NotInQueries:[]map[string]interface {}(nil), GroupFields:[]string(nil), DistinctQueries:[]string(nil)}] err[&fmt.wrapError{msg:"seats: unsupported relations for schema Train", err:(*errors.errorString)(0xc0001fa0b0)}]
2024-10-16 12:20:58 [EROR] [C:/Users/赤/Desktop/大四/ticket-service/service/train.go:110] 地图数据查询失败. err:[seats: unsupported relations for schema Train]
2024-10-16 12:20:58 [EROR] [C:/Users/赤/Desktop/大四/ticket-service/httpserver/app/response.go:41] Request [GET] [/api/query_train] Error.HttpCode[500] BusinessCode[5006] Message[获取数据失败] ErrDetail[seats: unsupported relations for schema Train]
2024-10-16 12:26:13 [EROR] [C:/Users/赤/Desktop/大四/ticket-service/database/common.go:154] [train]ListEntityByFilter Error.filter[map[string]interface {}{}] params[model.QueryParams{SubQueries:[]*model.SubQuery(nil), Orders:[]model.Order{model.Order{Field:"id", Direction:"asc"}}, Limit:(*int)(nil), Offset:(*int)(nil), InQueries:[]*model.InQuery(nil), RangeQueries:[]*model.RangeQuery(nil), CompareQueries:[]*model.CompareQuery(nil), NotInQueries:[]map[string]interface {}(nil), GroupFields:[]string(nil), DistinctQueries:[]string(nil)}] err[&fmt.wrapError{msg:"sql: Scan error on column index 0, name \"id\": destination not a pointer", err:(*errors.errorString)(0xc0003daf10)}]
2024-10-16 12:26:13 [EROR] [C:/Users/赤/Desktop/大四/ticket-service/service/train.go:110] 地图数据查询失败. err:[sql: Scan error on column index 0, name "id": destination not a pointer]
2024-10-16 12:26:13 [EROR] [C:/Users/赤/Desktop/大四/ticket-service/httpserver/app/response.go:41] Request [GET] [/api/query_train] Error.HttpCode[500] BusinessCode[5006] Message[获取数据失败] ErrDetail[sql: Scan error on column index 0, name "id": destination not a pointer]
2024-10-16 14:14:19 [EROR] [C:/Users/赤/Desktop/大四/ticket-service/database/common.go:154] [train]ListEntityByFilter Error.filter[map[string]interface {}{}] params[model.QueryParams{SubQueries:[]*model.SubQuery(nil), Orders:[]model.Order{model.Order{Field:"id", Direction:"asc"}}, Limit:(*int)(nil), Offset:(*int)(nil), InQueries:[]*model.InQuery(nil), RangeQueries:[]*model.RangeQuery(nil), CompareQueries:[]*model.CompareQuery(nil), NotInQueries:[]map[string]interface {}(nil), GroupFields:[]string(nil), DistinctQueries:[]string(nil)}] err[&fmt.wrapError{msg:"sql: Scan error on column index 0, name \"id\": destination not a pointer", err:(*errors.errorString)(0xc0001fba70)}]
2024-10-16 14:14:19 [EROR] [C:/Users/赤/Desktop/大四/ticket-service/service/train.go:110] 地图数据查询失败. err:[sql: Scan error on column index 0, name "id": destination not a pointer]
2024-10-16 14:14:19 [EROR] [C:/Users/赤/Desktop/大四/ticket-service/httpserver/app/response.go:41] Request [GET] [/api/query_train] Error.HttpCode[500] BusinessCode[5006] Message[获取数据失败] ErrDetail[sql: Scan error on column index 0, name "id": destination not a pointer]
2024-10-16 14:22:34 [EROR] [C:/Users/赤/Desktop/大四/ticket-service/database/common.go:154] [train]ListEntityByFilter Error.filter[map[string]interface {}{}] params[model.QueryParams{SubQueries:[]*model.SubQuery(nil), Orders:[]model.Order{model.Order{Field:"id", Direction:"asc"}}, Limit:(*int)(nil), Offset:(*int)(nil), InQueries:[]*model.InQuery(nil), RangeQueries:[]*model.RangeQuery(nil), CompareQueries:[]*model.CompareQuery(nil), NotInQueries:[]map[string]interface {}(nil), GroupFields:[]string(nil), DistinctQueries:[]string(nil)}] err[&fmt.wrapError{msg:"seats: unsupported relations for schema Trains", err:(*errors.errorString)(0xc0001ba080)}]
2024-10-16 14:22:34 [EROR] [C:/Users/赤/Desktop/大四/ticket-service/service/train.go:128] 地图数据查询失败. err:[seats: unsupported relations for schema Trains]
2024-10-16 14:22:34 [EROR] [C:/Users/赤/Desktop/大四/ticket-service/httpserver/app/response.go:41] Request [GET] [/api/query_train] Error.HttpCode[500] BusinessCode[5006] Message[获取数据失败] ErrDetail[seats: unsupported relations for schema Trains]
2024-10-16 14:43:20 [EROR] [C:/Users/赤/Desktop/大四/ticket-service/database/common.go:154] [train]ListEntityByFilter Error.filter[map[string]interface {}{}] params[model.QueryParams{SubQueries:[]*model.SubQuery(nil), Orders:[]model.Order{model.Order{Field:"id", Direction:"asc"}}, Limit:(*int)(nil), Offset:(*int)(nil), InQueries:[]*model.InQuery(nil), RangeQueries:[]*model.RangeQuery(nil), CompareQueries:[]*model.CompareQuery(nil), NotInQueries:[]map[string]interface {}(nil), GroupFields:[]string(nil), DistinctQueries:[]string(nil)}] err[&fmt.wrapError{msg:"seats: unsupported relations for schema Train", err:(*errors.errorString)(0xc0001fa0b0)}]
2024-10-16 14:43:20 [EROR] [C:/Users/赤/Desktop/大四/ticket-service/service/train.go:110] 地图数据查询失败. err:[seats: unsupported relations for schema Train]
2024-10-16 14:43:20 [EROR] [C:/Users/赤/Desktop/大四/ticket-service/httpserver/app/response.go:41] Request [GET] [/api/query_train] Error.HttpCode[500] BusinessCode[5006] Message[获取数据失败] ErrDetail[seats: unsupported relations for schema Train]
2024-10-16 14:44:39 [EROR] [C:/Users/赤/Desktop/大四/ticket-service/database/common.go:154] [train]ListEntityByFilter Error.filter[map[string]interface {}{}] params[model.QueryParams{SubQueries:[]*model.SubQuery(nil), Orders:[]model.Order{model.Order{Field:"id", Direction:"asc"}}, Limit:(*int)(nil), Offset:(*int)(nil), InQueries:[]*model.InQuery(nil), RangeQueries:[]*model.RangeQuery(nil), CompareQueries:[]*model.CompareQuery(nil), NotInQueries:[]map[string]interface {}(nil), GroupFields:[]string(nil), DistinctQueries:[]string(nil)}] err[&fmt.wrapError{msg:"seats: unsupported relations for schema Train", err:(*errors.errorString)(0xc0001fa0b0)}]
2024-10-16 14:44:39 [EROR] [C:/Users/赤/Desktop/大四/ticket-service/service/train.go:110] 地图数据查询失败. err:[seats: unsupported relations for schema Train]
2024-10-16 14:44:39 [EROR] [C:/Users/赤/Desktop/大四/ticket-service/httpserver/app/response.go:41] Request [GET] [/api/query_train] Error.HttpCode[500] BusinessCode[5006] Message[获取数据失败] ErrDetail[seats: unsupported relations for schema Train]
2024-10-16 15:07:11 [EROR] [C:/Users/赤/Desktop/大四/ticket-service/httpserver/app/response.go:41] Request [POST] [/api/create_train] Error.HttpCode[500] BusinessCode[0] Message[用户名已经存在] ErrDetail[用户名已经存在]
2024-10-16 15:26:57 [WARN] [C:/Users/赤/Desktop/大四/ticket-service/database/common.go:263] [train]DeleteEntityByFilter Warn.filter[map[string]interface {}{"id":1}] params[model.QueryParams{SubQueries:[]*model.SubQuery(nil), Orders:[]model.Order(nil), Limit:(*int)(nil), Offset:(*int)(nil), InQueries:[]*model.InQuery(nil), RangeQueries:[]*model.RangeQuery(nil), CompareQueries:[]*model.CompareQuery(nil), NotInQueries:[]map[string]interface {}(nil), GroupFields:[]string(nil), DistinctQueries:[]string(nil)}]
2024-10-16 15:40:23 [EROR] [C:/Users/赤/Desktop/大四/ticket-service/httpserver/app/response.go:41] Request [POST] [/api/update_train] Error.HttpCode[500] BusinessCode[0] Message[id不存在] ErrDetail[id不存在]
2024-10-16 15:40:40 [EROR] [C:/Users/赤/Desktop/大四/ticket-service/database/common.go:225] [user]SaveEntity Error.updater[&model.Train{Model:model.Model{ID:2, CreatedAt:model.LocalTime{wall:0x0, ext:63864659271, loc:(*time.Location)(0x155b660)}, UpdatedAt:model.LocalTime{wall:0x2512f780, ext:63864661240, loc:(*time.Location)(0x155b660)}, DeletedAt:gorm.DeletedAt{Time:time.Date(1, time.January, 1, 0, 0, 0, 0, time.UTC), Valid:false}}, Name:"K8879", PassCity:"HN-HH-GG", StartAt:time.Date(2020, time.October, 22, 23, 30, 4, 0, time.Local), Start:"HN", End:"GG", SeaTingNums:10, SeaTingPrice:64.5, SleepingNums:10, SleepingPrice:164.5, HighSleepingNums:20, HighSleepingPrice:264.5, BusinessNums:5, BusinessPrice:664.5}] err[&mysql.MySQLError{Number:0x41e, SQLState:[5]uint8{0x34, 0x32, 0x53, 0x32, 0x32}, Message:"Unknown column 'name' in 'field list'"}]
2024-10-16 15:40:40 [EROR] [C:/Users/赤/Desktop/大四/ticket-service/service/train.go:136] 列车数据更新失败. err:[Error 1054 (42S22): Unknown column 'name' in 'field list']
2024-10-16 15:40:40 [EROR] [C:/Users/赤/Desktop/大四/ticket-service/httpserver/app/response.go:41] Request [POST] [/api/update_train] Error.HttpCode[500] BusinessCode[5007] Message[修改数据失败] ErrDetail[Error 1054 (42S22): Unknown column 'name' in 'field list']
2024-10-17 18:07:12 [EROR] [C:/Users/赤/Desktop/大四/ticket-service/database/database.go:103] init table[train_schedule] error.[Error 1826 (HY000): Duplicate foreign key constraint name 'fk_train_schedules']
2024-10-17 18:07:12 [EROR] [C:/Users/赤/Desktop/大四/ticket-service/database/database.go:107] init table[train_stop] error.[Error 1826 (HY000): Duplicate foreign key constraint name 'fk_train_schedules']
2024-10-17 18:07:12 [EROR] [C:/Users/赤/Desktop/大四/ticket-service/database/database.go:111] init table[train_seat] error.[Error 1826 (HY000): Duplicate foreign key constraint name 'fk_train_schedules']
2024-10-17 18:12:54 [EROR] [C:/Users/赤/Desktop/大四/ticket-service/database/database.go:95] init table[train] error.[Error 1138 (22004): Invalid use of NULL value]
2024-10-17 18:12:55 [EROR] [C:/Users/赤/Desktop/大四/ticket-service/database/database.go:103] init table[train_schedule] error.[Error 1138 (22004): Invalid use of NULL value]
2024-10-17 18:12:55 [EROR] [C:/Users/赤/Desktop/大四/ticket-service/database/database.go:107] init table[train_stop] error.[Error 1138 (22004): Invalid use of NULL value]
2024-10-17 18:12:55 [EROR] [C:/Users/赤/Desktop/大四/ticket-service/database/database.go:111] init table[train_seat] error.[Error 1138 (22004): Invalid use of NULL value]
2024-10-18 14:48:43 [EROR] [C:/Users/赤/Desktop/大四/ticket-service/httpserver/app/response.go:41] Request [POST] [/api/create_train] Error.HttpCode[404] BusinessCode[5001] Message[请求URL不存在] ErrDetail[<nil>]
2024-10-18 14:49:45 [EROR] [C:/Users/赤/Desktop/大四/ticket-service/httpserver/app/response.go:41] Request [GET] [/api/query_train_iofo] Error.HttpCode[404] BusinessCode[5001] Message[请求URL不存在] ErrDetail[<nil>]
2024-10-18 14:49:48 [EROR] [C:/Users/赤/Desktop/大四/ticket-service/httpserver/app/response.go:41] Request [GET] [/api/query_train_iofo] Error.HttpCode[404] BusinessCode[5001] Message[请求URL不存在] ErrDetail[<nil>]
2024-10-18 14:50:15 [EROR] [C:/Users/赤/Desktop/大四/ticket-service/httpserver/app/response.go:41] Request [GET] [/api/update_train_info] Error.HttpCode[404] BusinessCode[5001] Message[请求URL不存在] ErrDetail[<nil>]
2024-10-18 14:50:19 [EROR] [C:/Users/赤/Desktop/大四/ticket-service/httpserver/app/response.go:41] Request [POST] [/api/update_train_info] Error.HttpCode[500] BusinessCode[0] Message[id不存在] ErrDetail[id不存在]
2024-10-18 14:50:41 [EROR] [C:/Users/赤/Desktop/大四/ticket-service/httpserver/app/response.go:41] Request [POST] [/api/update_train_info] Error.HttpCode[401] BusinessCode[5002] Message[读取请求参数失败] ErrDetail[<nil>]
2024-10-18 15:27:52 [EROR] [C:/Users/赤/Desktop/大四/ticket-service/httpserver/app/response.go:41] Request [GET] [/api/create_train_station] Error.HttpCode[404] BusinessCode[5001] Message[请求URL不存在] ErrDetail[<nil>]
2024-10-18 15:30:04 [EROR] [C:/Users/赤/Desktop/大四/ticket-service/httpserver/app/response.go:41] Request [POST] [/api/update_train_station] Error.HttpCode[500] BusinessCode[0] Message[id不存在] ErrDetail[id不存在]
2024-10-18 15:30:12 [EROR] [C:/Users/赤/Desktop/大四/ticket-service/httpserver/app/response.go:41] Request [POST] [/api/update_train_station] Error.HttpCode[500] BusinessCode[0] Message[车站名已经存在] ErrDetail[车站名已经存在]
2024-10-18 15:30:16 [EROR] [C:/Users/赤/Desktop/大四/ticket-service/httpserver/app/response.go:41] Request [POST] [/api/update_train_station] Error.HttpCode[500] BusinessCode[0] Message[车站名已经存在] ErrDetail[车站名已经存在]
2024-10-18 15:31:59 [EROR] [C:/Users/赤/Desktop/大四/ticket-service/httpserver/app/response.go:41] Request [POST] [/api/update_train_station] Error.HttpCode[500] BusinessCode[0] Message[车站名已经存在] ErrDetail[车站名已经存在]
2024-10-18 15:32:33 [EROR] [C:/Users/赤/Desktop/大四/ticket-service/httpserver/app/response.go:41] Request [POST] [/api/update_train_station] Error.HttpCode[500] BusinessCode[0] Message[车站名已经存在] ErrDetail[车站名已经存在]
2024-10-18 15:33:03 [EROR] [C:/Users/赤/Desktop/大四/ticket-service/httpserver/app/response.go:41] Request [POST] [/api/update_train_station] Error.HttpCode[500] BusinessCode[0] Message[车站名已经存在] ErrDetail[车站名已经存在]
2024-10-18 15:36:34 [EROR] [C:/Users/赤/Desktop/大四/ticket-service/httpserver/app/response.go:41] Request [POST] [/api/update_train_station] Error.HttpCode[500] BusinessCode[0] Message[车站编码已经存在] ErrDetail[车站编码已经存在]
2024-10-18 15:37:36 [EROR] [C:/Users/赤/Desktop/大四/ticket-service/httpserver/app/response.go:41] Request [DELETE] [/api/update_train_station/1] Error.HttpCode[404] BusinessCode[5001] Message[请求URL不存在] ErrDetail[<nil>]
2024-10-21 14:16:08 [EROR] [C:/Users/赤/Desktop/大四/ticket-service/database/common.go:126] [train]ListEntityByFilter Error.filter[map[string]interface {}{"train_id":1}] params[model.QueryParams{SubQueries:[]*model.SubQuery(nil), Orders:[]model.Order(nil), Limit:(*int)(0x193e1a8), Offset:(*int)(0x1a00c98), InQueries:[]*model.InQuery(nil), RangeQueries:[]*model.RangeQuery(nil), CompareQueries:[]*model.CompareQuery(nil), NotInQueries:[]map[string]interface {}(nil), GroupFields:[]string(nil), DistinctQueries:[]string(nil)}] err[&mysql.MySQLError{Number:0x41e, SQLState:[5]uint8{0x34, 0x32, 0x53, 0x32, 0x32}, Message:"Unknown column 'train_id' in 'where clause'"}]
2024-10-21 14:16:08 [EROR] [C:/Users/赤/Desktop/大四/ticket-service/service/train.go:291] 列车查找失败. err:[Error 1054 (42S22): Unknown column 'train_id' in 'where clause']
2024-10-21 14:16:08 [EROR] [C:/Users/赤/Desktop/大四/ticket-service/httpserver/app/response.go:41] Request [POST] [/api/create_train_schedule] Error.HttpCode[500] BusinessCode[5005] Message[创建数据失败] ErrDetail[Error 1054 (42S22): Unknown column 'train_id' in 'where clause']
2024-10-21 14:17:05 [EROR] [C:/Users/赤/Desktop/大四/ticket-service/httpserver/app/response.go:41] Request [POST] [/api/create_train_schedule] Error.HttpCode[500] BusinessCode[0] Message[列车不存在] ErrDetail[列车不存在]
2024-10-21 14:18:24 [EROR] [C:/Users/赤/Desktop/大四/ticket-service/database/common.go:189] [train_station]CreateEntity Error.entity[&model.TrainSchedule{Model:model.Model{ID:0, CreatedAt:model.LocalTime{wall:0x8954400, ext:63865088304, loc:(*time.Location)(0x1a5c060)}, UpdatedAt:model.LocalTime{wall:0x8954400, ext:63865088304, loc:(*time.Location)(0x1a5c060)}, DeletedAt:gorm.DeletedAt{Time:time.Date(1, time.January, 1, 0, 0, 0, 0, time.UTC), Valid:false}}, TrainID:1, DepartureDate:time.Date(1, time.January, 1, 0, 0, 0, 0, time.UTC), EndDate:time.Date(1, time.January, 1, 0, 0, 0, 0, time.UTC), Stops:[]model.TrainStop(nil), Seats:[]model.TrainSeat(nil)}] err[&mysql.MySQLError{Number:0x41e, SQLState:[5]uint8{0x34, 0x32, 0x53, 0x32, 0x32}, Message:"Unknown column 'train_id' in 'field list'"}]
2024-10-21 14:18:24 [EROR] [C:/Users/赤/Desktop/大四/ticket-service/service/train.go:305] 创建行驶计划. err:[Error 1054 (42S22): Unknown column 'train_id' in 'field list']
2024-10-21 14:18:24 [EROR] [C:/Users/赤/Desktop/大四/ticket-service/httpserver/app/response.go:41] Request [POST] [/api/create_train_schedule] Error.HttpCode[500] BusinessCode[5005] Message[创建数据失败] ErrDetail[Error 1054 (42S22): Unknown column 'train_id' in 'field list']
2024-10-21 14:19:21 [EROR] [C:/Users/赤/Desktop/大四/ticket-service/database/common.go:189] [train_schedule]CreateEntity Error.entity[&model.TrainSchedule{Model:model.Model{ID:0, CreatedAt:model.LocalTime{wall:0x1b5bc8c0, ext:63865088361, loc:(*time.Location)(0x126c060)}, UpdatedAt:model.LocalTime{wall:0x1b5bc8c0, ext:63865088361, loc:(*time.Location)(0x126c060)}, DeletedAt:gorm.DeletedAt{Time:time.Date(1, time.January, 1, 0, 0, 0, 0, time.UTC), Valid:false}}, TrainID:1, DepartureDate:time.Date(1, time.January, 1, 0, 0, 0, 0, time.UTC), EndDate:time.Date(1, time.January, 1, 0, 0, 0, 0, time.UTC), Stops:[]model.TrainStop(nil), Seats:[]model.TrainSeat(nil)}] err[&mysql.MySQLError{Number:0x50c, SQLState:[5]uint8{0x32, 0x32, 0x30, 0x30, 0x37}, Message:"Incorrect datetime value: '0000-00-00' for column 'departure_date' at row 1"}]
2024-10-21 14:19:21 [EROR] [C:/Users/赤/Desktop/大四/ticket-service/service/train.go:305] 创建行驶计划. err:[Error 1292 (22007): Incorrect datetime value: '0000-00-00' for column 'departure_date' at row 1]
2024-10-21 14:19:21 [EROR] [C:/Users/赤/Desktop/大四/ticket-service/httpserver/app/response.go:41] Request [POST] [/api/create_train_schedule] Error.HttpCode[500] BusinessCode[5005] Message[创建数据失败] ErrDetail[Error 1292 (22007): Incorrect datetime value: '0000-00-00' for column 'departure_date' at row 1]
2024-10-21 14:21:06 [EROR] [C:/Users/赤/Desktop/大四/ticket-service/database/common.go:189] [train_schedule]CreateEntity Error.entity[&model.TrainSchedule{Model:model.Model{ID:0, CreatedAt:model.LocalTime{wall:0x1b4c8680, ext:63865088466, loc:(*time.Location)(0x13bd060)}, UpdatedAt:model.LocalTime{wall:0x1b4c8680, ext:63865088466, loc:(*time.Location)(0x13bd060)}, DeletedAt:gorm.DeletedAt{Time:time.Date(1, time.January, 1, 0, 0, 0, 0, time.UTC), Valid:false}}, TrainID:1, DepartureDate:time.Date(2024, time.October, 8, 12, 4, 0, 0, time.UTC), EndDate:time.Date(1, time.January, 1, 0, 0, 0, 0, time.UTC), Stops:[]model.TrainStop(nil), Seats:[]model.TrainSeat(nil)}] err[&mysql.MySQLError{Number:0x50c, SQLState:[5]uint8{0x32, 0x32, 0x30, 0x30, 0x37}, Message:"Incorrect datetime value: '0000-00-00' for column 'end_date' at row 1"}]
2024-10-21 14:21:06 [EROR] [C:/Users/赤/Desktop/大四/ticket-service/service/train.go:310] 创建行驶计划. err:[Error 1292 (22007): Incorrect datetime value: '0000-00-00' for column 'end_date' at row 1]
2024-10-21 14:21:06 [EROR] [C:/Users/赤/Desktop/大四/ticket-service/httpserver/app/response.go:41] Request [POST] [/api/create_train_schedule] Error.HttpCode[500] BusinessCode[5005] Message[创建数据失败] ErrDetail[Error 1292 (22007): Incorrect datetime value: '0000-00-00' for column 'end_date' at row 1]
2024-10-21 14:24:07 [EROR] [C:/Users/赤/Desktop/大四/ticket-service/database/common.go:189] [train_schedule]CreateEntity Error.entity[&model.TrainSchedule{Model:model.Model{ID:0, CreatedAt:model.LocalTime{wall:0x5f5e100, ext:63865088647, loc:(*time.Location)(0x11bd060)}, UpdatedAt:model.LocalTime{wall:0x5f5e100, ext:63865088647, loc:(*time.Location)(0x11bd060)}, DeletedAt:gorm.DeletedAt{Time:time.Date(1, time.January, 1, 0, 0, 0, 0, time.UTC), Valid:false}}, TrainID:1, DepartureDate:time.Date(2024, time.October, 8, 12, 4, 0, 0, time.UTC), EndDate:time.Date(1, time.January, 1, 0, 0, 0, 0, time.UTC), Stops:[]model.TrainStop(nil), Seats:[]model.TrainSeat(nil)}] err[&mysql.MySQLError{Number:0x50c, SQLState:[5]uint8{0x32, 0x32, 0x30, 0x30, 0x37}, Message:"Incorrect datetime value: '0000-00-00' for column 'end_date' at row 1"}]
2024-10-21 14:24:07 [EROR] [C:/Users/赤/Desktop/大四/ticket-service/service/train.go:314] 创建行驶计划. err:[Error 1292 (22007): Incorrect datetime value: '0000-00-00' for column 'end_date' at row 1]
2024-10-21 14:24:07 [EROR] [C:/Users/赤/Desktop/大四/ticket-service/httpserver/app/response.go:41] Request [POST] [/api/create_train_schedule] Error.HttpCode[500] BusinessCode[5005] Message[创建数据失败] ErrDetail[Error 1292 (22007): Incorrect datetime value: '0000-00-00' for column 'end_date' at row 1]
2024-10-21 14:24:38 [EROR] [C:/Users/赤/Desktop/大四/ticket-service/database/common.go:189] [train_schedule]CreateEntity Error.entity[&model.TrainSchedule{Model:model.Model{ID:0, CreatedAt:model.LocalTime{wall:0x22de6440, ext:63865088678, loc:(*time.Location)(0xccd060)}, UpdatedAt:model.LocalTime{wall:0x22de6440, ext:63865088678, loc:(*time.Location)(0xccd060)}, DeletedAt:gorm.DeletedAt{Time:time.Date(1, time.January, 1, 0, 0, 0, 0, time.UTC), Valid:false}}, TrainID:1, DepartureDate:time.Date(2024, time.October, 8, 12, 4, 0, 0, time.UTC), EndDate:time.Date(1, time.January, 1, 0, 0, 0, 0, time.UTC), Stops:[]model.TrainStop(nil), Seats:[]model.TrainSeat(nil)}] err[&mysql.MySQLError{Number:0x50c, SQLState:[5]uint8{0x32, 0x32, 0x30, 0x30, 0x37}, Message:"Incorrect datetime value: '0000-00-00' for column 'end_date' at row 1"}]
2024-10-21 14:24:38 [EROR] [C:/Users/赤/Desktop/大四/ticket-service/service/train.go:314] 创建行驶计划. err:[Error 1292 (22007): Incorrect datetime value: '0000-00-00' for column 'end_date' at row 1]
2024-10-21 14:24:38 [EROR] [C:/Users/赤/Desktop/大四/ticket-service/httpserver/app/response.go:41] Request [POST] [/api/create_train_schedule] Error.HttpCode[500] BusinessCode[5005] Message[创建数据失败] ErrDetail[Error 1292 (22007): Incorrect datetime value: '0000-00-00' for column 'end_date' at row 1]
2024-10-21 15:26:43 [EROR] [C:/Users/赤/Desktop/大四/ticket-service/httpserver/app/response.go:41] Request [GET] [/api/create_train_stop] Error.HttpCode[404] BusinessCode[5001] Message[请求URL不存在] ErrDetail[<nil>]
2024-10-21 15:26:50 [EROR] [C:/Users/赤/Desktop/大四/ticket-service/httpserver/app/response.go:41] Request [POST] [/api/create_train_stop/] Error.HttpCode[401] BusinessCode[5003] Message[参数验证错误departure_time] ErrDetail[<nil>]
2024-10-21 15:27:07 [EROR] [C:/Users/赤/Desktop/大四/ticket-service/database/common.go:126] [train_schedule]ListEntityByFilter Error.filter[map[string]interface {}{"departure_time":"2024-10-08 20:04:00", "id":1}] params[model.QueryParams{SubQueries:[]*model.SubQuery(nil), Orders:[]model.Order(nil), Limit:(*int)(0x12fe1a8), Offset:(*int)(0x13c0c98), InQueries:[]*model.InQuery(nil), RangeQueries:[]*model.RangeQuery(nil), CompareQueries:[]*model.CompareQuery(nil), NotInQueries:[]map[string]interface {}(nil), GroupFields:[]string(nil), DistinctQueries:[]string(nil)}] err[&mysql.MySQLError{Number:0x41e, SQLState:[5]uint8{0x34, 0x32, 0x53, 0x32, 0x32}, Message:"Unknown column 'departure_time' in 'where clause'"}]
2024-10-21 15:27:07 [EROR] [C:/Users/赤/Desktop/大四/ticket-service/service/train.go:341] 行驶计划查找失败,无相同发车时间或无此列车id. err:[Error 1054 (42S22): Unknown column 'departure_time' in 'where clause']
2024-10-21 15:27:07 [EROR] [C:/Users/赤/Desktop/大四/ticket-service/httpserver/app/response.go:41] Request [POST] [/api/create_train_stop/] Error.HttpCode[500] BusinessCode[5005] Message[创建数据失败] ErrDetail[Error 1054 (42S22): Unknown column 'departure_time' in 'where clause']
2024-10-21 15:29:29 [EROR] [C:/Users/赤/Desktop/大四/ticket-service/service/train.go:367] 创建停靠信息. err:[BatchCreateEntity [entity] Kind Must slice]
2024-10-21 15:29:29 [EROR] [C:/Users/赤/Desktop/大四/ticket-service/httpserver/app/response.go:41] Request [POST] [/api/create_train_stop/] Error.HttpCode[500] BusinessCode[5005] Message[创建数据失败] ErrDetail[BatchCreateEntity [entity] Kind Must slice]
2024-10-21 15:33:42 [EROR] [C:/Users/赤/Desktop/大四/ticket-service/service/train.go:377] 更新终点站到达时间失败 Error.err[UpdateEntityByFilter [updater] Kind Must Ptr]
2024-10-21 15:33:42 [EROR] [C:/Users/赤/Desktop/大四/ticket-service/httpserver/app/response.go:41] Request [POST] [/api/create_train_stop/] Error.HttpCode[500] BusinessCode[5005] Message[创建数据失败] ErrDetail[UpdateEntityByFilter [updater] Kind Must Ptr]
2024-10-21 15:35:46 [WARN] [C:/Users/赤/Desktop/大四/ticket-service/database/common.go:246] [train_schedule]UpdateEntityByFilter Warn.filter[map[string]interface {}{"departure_date":"2024-10-08 20:04:00", "id":1}] params[model.QueryParams{SubQueries:[]*model.SubQuery(nil), Orders:[]model.Order(nil), Limit:(*int)(0x173e1a8), Offset:(*int)(0x1800c98), InQueries:[]*model.InQuery(nil), RangeQueries:[]*model.RangeQuery(nil), CompareQueries:[]*model.CompareQuery(nil), NotInQueries:[]map[string]interface {}(nil), GroupFields:[]string(nil), DistinctQueries:[]string(nil)}] updater[&map[string]interface {}{"end_date":time.Date(2024, time.October, 8, 22, 4, 0, 0, time.UTC)}]
2024-10-21 15:45:34 [WARN] [C:/Users/赤/Desktop/大四/ticket-service/database/common.go:246] [train_schedule]UpdateEntityByFilter Warn.filter[map[string]interface {}{"departure_date":"2024-10-08 20:04:00", "id":1}] params[model.QueryParams{SubQueries:[]*model.SubQuery(nil), Orders:[]model.Order(nil), Limit:(*int)(0x109e1a8), Offset:(*int)(0x1160c98), InQueries:[]*model.InQuery(nil), RangeQueries:[]*model.RangeQuery(nil), CompareQueries:[]*model.CompareQuery(nil), NotInQueries:[]map[string]interface {}(nil), GroupFields:[]string(nil), DistinctQueries:[]string(nil)}] updater[&map[string]interface {}{"end_date":time.Date(2024, time.October, 8, 22, 4, 0, 0, time.UTC)}]
2024-10-21 17:01:31 [WARN] [C:/Users/赤/Desktop/大四/ticket-service/database/common.go:246] [train_schedule]UpdateEntityByFilter Warn.filter[map[string]interface {}{"id":1}] params[model.QueryParams{SubQueries:[]*model.SubQuery(nil), Orders:[]model.Order(nil), Limit:(*int)(0xde01a8), Offset:(*int)(0xea2c98), InQueries:[]*model.InQuery(nil), RangeQueries:[]*model.RangeQuery(nil), CompareQueries:[]*model.CompareQuery(nil), NotInQueries:[]map[string]interface {}(nil), GroupFields:[]string(nil), DistinctQueries:[]string(nil)}] updater[&map[string]interface {}{"end_date":time.Date(2024, time.October, 8, 22, 4, 0, 0, time.UTC)}]
2024-10-21 17:02:17 [EROR] [C:/Users/赤/Desktop/大四/ticket-service/httpserver/app/response.go:41] Request [POST] [/api/create_train_seat/] Error.HttpCode[401] BusinessCode[5003] Message[参数验证错误seatList] ErrDetail[<nil>]
2024-10-21 17:02:29 [EROR] [C:/Users/赤/Desktop/大四/ticket-service/httpserver/app/response.go:41] Request [POST] [/api/create_train_seat/] Error.HttpCode[401] BusinessCode[5003] Message[参数验证错误seatList] ErrDetail[<nil>]
2024-10-21 17:07:01 [EROR] [C:/Users/赤/Desktop/大四/ticket-service/httpserver/app/response.go:41] Request [POST] [/api/create_train] Error.HttpCode[404] BusinessCode[5001] Message[请求URL不存在] ErrDetail[<nil>]
2024-10-22 12:06:25 [EROR] [C:/Users/赤/Desktop/大四/ticket-service/database/common.go:144] [train_schedule]PreloadEntityByFilter Error.filter[map[string]interface {}{}] params[model.QueryParams{SubQueries:[]*model.SubQuery(nil), Orders:[]model.Order{model.Order{Field:"id", Direction:"asc"}}, Limit:(*int)(nil), Offset:(*int)(nil), InQueries:[]*model.InQuery(nil), RangeQueries:[]*model.RangeQuery(nil), CompareQueries:[]*model.CompareQuery(nil), NotInQueries:[]map[string]interface {}(nil), GroupFields:[]string(nil), DistinctQueries:[]string(nil)}] err[&fmt.wrapError{msg:"seats: unsupported relations for schema TrainSchedule", err:(*errors.errorString)(0xc0001cb9b0)}]
2024-10-22 12:06:25 [EROR] [C:/Users/赤/Desktop/大四/ticket-service/service/train.go:379] 行驶计划数据查询失败. err:[seats: unsupported relations for schema TrainSchedule]
2024-10-22 12:06:25 [EROR] [C:/Users/赤/Desktop/大四/ticket-service/httpserver/app/response.go:41] Request [GET] [/api/query_train_schedule/] Error.HttpCode[500] BusinessCode[5006] Message[获取数据失败] ErrDetail[seats: unsupported relations for schema TrainSchedule]
2024-10-22 12:08:04 [EROR] [C:/Users/赤/Desktop/大四/ticket-service/database/common.go:145] [train_schedule]PreloadEntityByFilter Error.filter[map[string]interface {}{}] params[model.QueryParams{SubQueries:[]*model.SubQuery(nil), Orders:[]model.Order{model.Order{Field:"id", Direction:"asc"}}, Limit:(*int)(nil), Offset:(*int)(nil), InQueries:[]*model.InQuery(nil), RangeQueries:[]*model.RangeQuery(nil), CompareQueries:[]*model.CompareQuery(nil), NotInQueries:[]map[string]interface {}(nil), GroupFields:[]string(nil), DistinctQueries:[]string(nil)}] err[&fmt.wrapError{msg:"seats: unsupported relations for schema TrainSchedule", err:(*errors.errorString)(0xc0001cd9b0)}]
2024-10-22 12:08:04 [EROR] [C:/Users/赤/Desktop/大四/ticket-service/service/train.go:379] 行驶计划数据查询失败. err:[seats: unsupported relations for schema TrainSchedule]
2024-10-22 12:08:04 [EROR] [C:/Users/赤/Desktop/大四/ticket-service/httpserver/app/response.go:41] Request [GET] [/api/query_train_schedule/] Error.HttpCode[500] BusinessCode[5006] Message[获取数据失败] ErrDetail[seats: unsupported relations for schema TrainSchedule]
2024-10-22 12:17:39 [EROR] [C:/Users/赤/Desktop/大四/ticket-service/database/common.go:144] [train_schedule]PreloadEntityByFilter Error.filter[map[string]interface {}{}] params[model.QueryParams{SubQueries:[]*model.SubQuery(nil), Orders:[]model.Order{model.Order{Field:"id", Direction:"asc"}}, Limit:(*int)(nil), Offset:(*int)(nil), InQueries:[]*model.InQuery(nil), RangeQueries:[]*model.RangeQuery(nil), CompareQueries:[]*model.CompareQuery(nil), NotInQueries:[]map[string]interface {}(nil), GroupFields:[]string(nil), DistinctQueries:[]string(nil)}] err[&fmt.wrapError{msg:"seats: unsupported relations for schema TrainSchedule", err:(*errors.errorString)(0xc0001cb9b0)}]
2024-10-22 12:17:39 [EROR] [C:/Users/赤/Desktop/大四/ticket-service/service/train.go:379] 行驶计划数据查询失败. err:[seats: unsupported relations for schema TrainSchedule]
2024-10-22 12:17:39 [EROR] [C:/Users/赤/Desktop/大四/ticket-service/httpserver/app/response.go:41] Request [GET] [/api/query_train_schedule/] Error.HttpCode[500] BusinessCode[5006] Message[获取数据失败] ErrDetail[seats: unsupported relations for schema TrainSchedule]
2024-10-22 14:03:06 [EROR] [C:/Users/赤/Desktop/大四/ticket-service/database/common.go:144] [train_schedule]PreloadEntityByFilter Error.filter[map[string]interface {}{}] params[model.QueryParams{SubQueries:[]*model.SubQuery(nil), Orders:[]model.Order{model.Order{Field:"id", Direction:"asc"}}, Limit:(*int)(nil), Offset:(*int)(nil), InQueries:[]*model.InQuery(nil), RangeQueries:[]*model.RangeQuery(nil), CompareQueries:[]*model.CompareQuery(nil), NotInQueries:[]map[string]interface {}(nil), GroupFields:[]string(nil), DistinctQueries:[]string(nil)}] err[&fmt.wrapError{msg:"seats: unsupported relations for schema TrainSchedule", err:(*errors.errorString)(0xc00017a0b0)}]
2024-10-22 14:03:06 [EROR] [C:/Users/赤/Desktop/大四/ticket-service/service/train.go:379] 行驶计划数据查询失败. err:[seats: unsupported relations for schema TrainSchedule]
2024-10-22 14:03:06 [EROR] [C:/Users/赤/Desktop/大四/ticket-service/httpserver/app/response.go:41] Request [GET] [/api/query_train_schedule/] Error.HttpCode[500] BusinessCode[5006] Message[获取数据失败] ErrDetail[seats: unsupported relations for schema TrainSchedule]
2024-10-22 14:55:42 [EROR] [C:/Users/赤/Desktop/大四/ticket-service/database/common.go:126] [train_station]ListEntityByFilter Error.filter[map[string]interface {}{"select":"id,name"}] params[model.QueryParams{SubQueries:[]*model.SubQuery(nil), Orders:[]model.Order(nil), Limit:(*int)(nil), Offset:(*int)(nil), InQueries:[]*model.InQuery(nil), RangeQueries:[]*model.RangeQuery(nil), CompareQueries:[]*model.CompareQuery(nil), NotInQueries:[]map[string]interface {}(nil), GroupFields:[]string(nil), DistinctQueries:[]string(nil)}] err[&mysql.MySQLError{Number:0x41e, SQLState:[5]uint8{0x34, 0x32, 0x53, 0x32, 0x32}, Message:"Unknown column 'select' in 'where clause'"}]
2024-10-22 14:55:42 [EROR] [C:/Users/赤/Desktop/大四/ticket-service/service/train.go:25] 加载车站-id表失败. err:[Error 1054 (42S22): Unknown column 'select' in 'where clause']
2024-10-22 15:05:10 [EROR] [C:/Users/赤/Desktop/大四/ticket-service/httpserver/app/response.go:41] Request [POST] [/api/create_train_station] Error.HttpCode[500] BusinessCode[0] Message[车站名已经存在] ErrDetail[车站名已经存在]
2024-10-22 15:40:19 [EROR] [C:/Users/赤/Desktop/大四/ticket-service/httpserver/app/response.go:41] Request [POST] [/api/create_train_station] Error.HttpCode[500] BusinessCode[0] Message[车站名已经存在] ErrDetail[车站名已经存在]
2024-10-22 15:51:34 [EROR] [C:/Users/赤/Desktop/大四/ticket-service/httpserver/app/response.go:41] Request [DELETE] [/api/delete_train_schedule/1] Error.HttpCode[404] BusinessCode[5001] Message[请求URL不存在] ErrDetail[<nil>]
2024-10-22 16:10:27 [EROR] [C:/Users/赤/Desktop/大四/ticket-service/httpserver/app/response.go:41] Request [POST] [/api/update_train_schedule/] Error.HttpCode[500] BusinessCode[0] Message[同列车同时刻形式计划不存在] ErrDetail[同列车同时刻形式计划不存在]
2024-10-22 16:18:49 [EROR] [C:/Users/赤/Desktop/大四/ticket-service/httpserver/app/response.go:41] Request [POST] [/api/update_train_schedule/] Error.HttpCode[401] BusinessCode[5002] Message[读取请求参数失败] ErrDetail[<nil>]
2024-10-22 16:19:04 [EROR] [C:/Users/赤/Desktop/大四/ticket-service/httpserver/app/response.go:41] Request [POST] [/api/update_train_schedule/] Error.HttpCode[401] BusinessCode[5003] Message[参数验证错误id] ErrDetail[<nil>]
2024-10-22 16:19:15 [EROR] [C:/Users/赤/Desktop/大四/ticket-service/httpserver/app/response.go:41] Request [POST] [/api/update_train_schedule/] Error.HttpCode[500] BusinessCode[0] Message[列车不存在] ErrDetail[列车不存在]
2024-10-22 16:57:51 [EROR] [C:/Users/赤/Desktop/大四/ticket-service/httpserver/app/response.go:41] Request [GET] [/api/query_train_stop/] Error.HttpCode[401] BusinessCode[9999] Message[非法登录] ErrDetail[<nil>]
2024-10-22 17:01:41 [WARN] [C:/Users/赤/Desktop/大四/ticket-service/database/common.go:281] [train_stop]DeleteEntityByFilter Warn.filter[map[string]interface {}{"id":3}] params[model.QueryParams{SubQueries:[]*model.SubQuery(nil), Orders:[]model.Order(nil), Limit:(*int)(nil), Offset:(*int)(nil), InQueries:[]*model.InQuery(nil), RangeQueries:[]*model.RangeQuery(nil), CompareQueries:[]*model.CompareQuery(nil), NotInQueries:[]map[string]interface {}(nil), GroupFields:[]string(nil), DistinctQueries:[]string(nil)}]
2024-10-22 17:49:18 [EROR] [C:/Users/赤/Desktop/大四/ticket-service/httpserver/app/response.go:41] Request [POST] [/api/update_train_seat/] Error.HttpCode[401] BusinessCode[5003] Message[参数验证错误id] ErrDetail[<nil>]
2024-10-22 17:50:08 [EROR] [C:/Users/赤/Desktop/大四/ticket-service/httpserver/app/response.go:41] Request [POST] [/api/update_train_seat/] Error.HttpCode[401] BusinessCode[5002] Message[读取请求参数失败] ErrDetail[<nil>]
2024-10-22 17:50:19 [EROR] [C:/Users/赤/Desktop/大四/ticket-service/httpserver/app/response.go:41] Request [POST] [/api/update_train_seat/] Error.HttpCode[401] BusinessCode[5003] Message[参数验证错误id] ErrDetail[<nil>]
2024-10-22 17:50:47 [EROR] [C:/Users/赤/Desktop/大四/ticket-service/httpserver/app/response.go:41] Request [POST] [/api/update_train_seat/] Error.HttpCode[500] BusinessCode[0] Message[行驶计划不存在] ErrDetail[行驶计划不存在]
2024-10-22 18:00:17 [EROR] [C:/Users/赤/Desktop/大四/ticket-service/database/common.go:243] [train_seat]SaveEntity Error.updater[[]model.TrainSeat{model.TrainSeat{Model:model.Model{ID:0, CreatedAt:model.LocalTime{wall:0x1f6961c0, ext:63865188017, loc:(*time.Location)(0x1d4b680)}, UpdatedAt:model.LocalTime{wall:0x1f6961c0, ext:63865188017, loc:(*time.Location)(0x1d4b680)}, DeletedAt:gorm.DeletedAt{Time:time.Date(1, time.January, 1, 0, 0, 0, 0, time.UTC), Valid:false}}, ScheduleID:1, SeatNums:100, SeatNowNums:100, SeatType:"二等座", Price:164.5}, model.TrainSeat{Model:model.Model{ID:0, CreatedAt:model.LocalTime{wall:0x1f6961c0, ext:63865188017, loc:(*time.Location)(0x1d4b680)}, UpdatedAt:model.LocalTime{wall:0x1f6961c0, ext:63865188017, loc:(*time.Location)(0x1d4b680)}, DeletedAt:gorm.DeletedAt{Time:time.Date(1, time.January, 1, 0, 0, 0, 0, time.UTC), Valid:false}}, ScheduleID:2, SeatNums:60, SeatNowNums:60, SeatType:"一等座", Price:1164.5}, model.TrainSeat{Model:model.Model{ID:0, CreatedAt:model.LocalTime{wall:0x1f6961c0, ext:63865188017, loc:(*time.Location)(0x1d4b680)}, UpdatedAt:model.LocalTime{wall:0x1f6961c0, ext:63865188017, loc:(*time.Location)(0x1d4b680)}, DeletedAt:gorm.DeletedAt{Time:time.Date(1, time.January, 1, 0, 0, 0, 0, time.UTC), Valid:false}}, ScheduleID:3, SeatNums:40, SeatNowNums:40, SeatType:"商务座", Price:1364.5}}] err[&mysql.MySQLError{Number:0x5ac, SQLState:[5]uint8{0x32, 0x33, 0x30, 0x30, 0x30}, Message:"Cannot add or update a child row: a foreign key constraint fails (`ticket`.`train_seat`, CONSTRAINT `fk_train_schedule_seats` FOREIGN KEY (`schedule_id`) REFERENCES `train_schedule` (`id`))"}]
2024-10-22 18:00:17 [EROR] [C:/Users/赤/Desktop/大四/ticket-service/service/train.go:818] 更新座位信息. err:[Error 1452 (23000): Cannot add or update a child row: a foreign key constraint fails (`ticket`.`train_seat`, CONSTRAINT `fk_train_schedule_seats` FOREIGN KEY (`schedule_id`) REFERENCES `train_schedule` (`id`))]
2024-10-22 18:00:17 [EROR] [C:/Users/赤/Desktop/大四/ticket-service/httpserver/app/response.go:41] Request [POST] [/api/update_train_seat/] Error.HttpCode[500] BusinessCode[5005] Message[创建数据失败] ErrDetail[Error 1452 (23000): Cannot add or update a child row: a foreign key constraint fails (`ticket`.`train_seat`, CONSTRAINT `fk_train_schedule_seats` FOREIGN KEY (`schedule_id`) REFERENCES `train_schedule` (`id`))]
2024-10-22 18:11:40 [EROR] [C:/Users/赤/Desktop/大四/ticket-service/httpserver/app/response.go:41] Request [POST] [/api/create_train_stop] Error.HttpCode[500] BusinessCode[0] Message[行驶计划不存在] ErrDetail[行驶计划不存在]
2024-10-22 18:11:50 [EROR] [C:/Users/赤/Desktop/大四/ticket-service/httpserver/app/response.go:41] Request [POST] [/api/create_train_stop] Error.HttpCode[401] BusinessCode[5002] Message[读取请求参数失败] ErrDetail[<nil>]
2024-10-22 18:14:05 [WARN] [C:/Users/赤/Desktop/大四/ticket-service/database/common.go:264] [train_schedule]UpdateEntityByFilter Warn.filter[map[string]interface {}{"id":1}] params[model.QueryParams{SubQueries:[]*model.SubQuery(nil), Orders:[]model.Order(nil), Limit:(*int)(0x14bd248), Offset:(*int)(0x15802c8), InQueries:[]*model.InQuery(nil), RangeQueries:[]*model.RangeQuery(nil), CompareQueries:[]*model.CompareQuery(nil), NotInQueries:[]map[string]interface {}(nil), GroupFields:[]string(nil), DistinctQueries:[]string(nil)}] updater[&map[string]interface {}{"end_date":time.Date(2024, time.October, 9, 22, 4, 0, 0, time.UTC)}]
2024-10-22 18:14:44 [EROR] [C:/Users/赤/Desktop/大四/ticket-service/httpserver/app/response.go:41] Request [POST] [/api/update_train_stop/] Error.HttpCode[401] BusinessCode[5003] Message[参数验证错误id] ErrDetail[<nil>]
2024-10-23 14:50:26 [EROR] [C:/Users/赤/Desktop/大四/ticket-service/httpserver/app/response.go:41] Request [GET] [/api/query_user?uuid=f58e065e-d1d7-463f-a858-20567faa8db6] Error.HttpCode[401] BusinessCode[5002] Message[读取请求参数失败] ErrDetail[<nil>]
2024-10-23 14:51:22 [EROR] [C:/Users/赤/Desktop/大四/ticket-service/httpserver/app/response.go:41] Request [GET] [/api/query_user?uuid=f58e065e-d1d7-463f-a858-20567faa8db6] Error.HttpCode[401] BusinessCode[5002] Message[读取请求参数失败] ErrDetail[<nil>]
2024-10-23 14:57:22 [EROR] [C:/Users/赤/Desktop/大四/ticket-service/httpserver/app/response.go:41] Request [GET] [/api/query_user?uuid=f58e065e-d1d7-463f-a858-20567faa8db6] Error.HttpCode[401] BusinessCode[5002] Message[读取请求参数失败] ErrDetail[<nil>]
2024-10-23 14:57:48 [EROR] [C:/Users/赤/Desktop/大四/ticket-service/httpserver/app/response.go:41] Request [GET] [/api/query_user?uuid=%22f58e065e-d1d7-463f-a858-20567faa8db6%22] Error.HttpCode[401] BusinessCode[5002] Message[读取请求参数失败] ErrDetail[<nil>]
2024-10-23 14:58:14 [EROR] [C:/Users/赤/Desktop/大四/ticket-service/httpserver/app/response.go:41] Request [GET] [/api/query_user?uuid=f58e065e-d1d7-463f-a858-20567faa8db6] Error.HttpCode[401] BusinessCode[5002] Message[读取请求参数失败] ErrDetail[<nil>]
2024-10-23 14:58:35 [EROR] [C:/Users/赤/Desktop/大四/ticket-service/httpserver/app/response.go:41] Request [GET] [/api/query_user?uuid=f58e065e-d1d7-463f-a858-20567faa8db6] Error.HttpCode[401] BusinessCode[5002] Message[读取请求参数失败] ErrDetail[<nil>]
2024-10-23 15:05:49 [EROR] [C:/Users/赤/Desktop/大四/ticket-service/httpserver/app/response.go:41] Request [POST] [/api/register] Error.HttpCode[500] BusinessCode[0] Message[用户名已经存在] ErrDetail[用户名已经存在]
2024-10-23 15:08:59 [EROR] [C:/Users/赤/Desktop/大四/ticket-service/httpserver/app/response.go:41] Request [DELETE] [/api/delete_user/2] Error.HttpCode[401] BusinessCode[5003] Message[参数验证错误uuid] ErrDetail[<nil>]
2024-10-23 15:09:41 [WARN] [C:/Users/赤/Desktop/大四/ticket-service/database/common.go:281] [user]DeleteEntityByFilter Warn.filter[map[string]interface {}{"id":2}] params[model.QueryParams{SubQueries:[]*model.SubQuery(nil), Orders:[]model.Order(nil), Limit:(*int)(nil), Offset:(*int)(nil), InQueries:[]*model.InQuery(nil), RangeQueries:[]*model.RangeQuery(nil), CompareQueries:[]*model.CompareQuery(nil), NotInQueries:[]map[string]interface {}(nil), GroupFields:[]string(nil), DistinctQueries:[]string(nil)}]
2024-10-23 15:13:38 [EROR] [C:/Users/赤/Desktop/大四/ticket-service/httpserver/app/response.go:41] Request [GET] [/api/query_user?id=1&uuid=f58e065e-d1d7-463f-a858-20567faa8db6] Error.HttpCode[401] BusinessCode[9999] Message[非法登录] ErrDetail[<nil>]
2024-10-23 15:18:00 [EROR] [C:/Users/赤/Desktop/大四/ticket-service/httpserver/app/response.go:41] Request [POST] [/api/update_user] Error.HttpCode[401] BusinessCode[5003] Message[参数验证错误[uuid]] ErrDetail[<nil>]
2024-10-23 15:18:18 [EROR] [C:/Users/赤/Desktop/大四/ticket-service/httpserver/app/response.go:41] Request [POST] [/api/update_user] Error.HttpCode[401] BusinessCode[5003] Message[参数验证错误id] ErrDetail[<nil>]
2024-10-23 15:18:27 [EROR] [C:/Users/赤/Desktop/大四/ticket-service/httpserver/app/response.go:41] Request [POST] [/api/update_user] Error.HttpCode[401] BusinessCode[5003] Message[参数验证错误password] ErrDetail[<nil>]
2024-10-23 15:39:44 [EROR] [C:/Users/赤/Desktop/大四/ticket-service/httpserver/app/response.go:41] Request [GET] [/query_train_info] Error.HttpCode[404] BusinessCode[5001] Message[请求URL不存在] ErrDetail[<nil>]
2024-10-23 15:39:54 [EROR] [C:/Users/赤/Desktop/大四/ticket-service/httpserver/app/response.go:41] Request [GET] [/api/query_train_info] Error.HttpCode[401] BusinessCode[9999] Message[非法登录] ErrDetail[<nil>]
2024-10-23 16:05:22 [EROR] [C:/Users/赤/Desktop/大四/ticket-service/httpserver/app/response.go:41] Request [GET] [/api/update_train_info] Error.HttpCode[404] BusinessCode[5001] Message[请求URL不存在] ErrDetail[<nil>]
2024-10-23 16:05:44 [EROR] [C:/Users/赤/Desktop/大四/ticket-service/httpserver/app/response.go:41] Request [POST] [/api/update_train_info] Error.HttpCode[401] BusinessCode[5003] Message[参数验证错误id] ErrDetail[<nil>]
2024-10-23 16:08:41 [EROR] [C:/Users/赤/Desktop/大四/ticket-service/httpserver/app/response.go:41] Request [DELETE] [/api/delete_train_info/2] Error.HttpCode[401] BusinessCode[9999] Message[非法登录] ErrDetail[<nil>]
2024-10-23 16:16:14 [EROR] [C:/Users/赤/Desktop/大四/ticket-service/httpserver/app/response.go:41] Request [POST] [/api/create_train_schedule] Error.HttpCode[500] BusinessCode[0] Message[同列车同时刻形式计划已经存在] ErrDetail[同列车同时刻形式计划已经存在]
2024-10-23 16:29:42 [EROR] [C:/Users/赤/Desktop/大四/ticket-service/httpserver/app/response.go:41] Request [GET] [/api/query_train_schedule] Error.HttpCode[401] BusinessCode[9999] Message[非法登录] ErrDetail[<nil>]
2024-10-23 16:42:29 [EROR] [C:/Users/赤/Desktop/大四/ticket-service/httpserver/app/response.go:41] Request [DELETE] [/delete_train_schedule/1] Error.HttpCode[404] BusinessCode[5001] Message[请求URL不存在] ErrDetail[<nil>]
2024-10-23 16:52:12 [EROR] [C:/Users/赤/Desktop/大四/ticket-service/httpserver/app/response.go:41] Request [POST] [/api/update] Error.HttpCode[404] BusinessCode[5001] Message[请求URL不存在] ErrDetail[<nil>]
2024-10-23 16:56:36 [EROR] [C:/Users/赤/Desktop/大四/ticket-service/httpserver/app/response.go:41] Request [POST] [/api/create_train_stop] Error.HttpCode[500] BusinessCode[0] Message[行驶计划不存在] ErrDetail[行驶计划不存在]
2024-10-23 17:04:29 [WARN] [C:/Users/赤/Desktop/大四/ticket-service/database/common.go:281] [train_stop]DeleteEntityByFilter Warn.filter[map[string]interface {}{"id":3}] params[model.QueryParams{SubQueries:[]*model.SubQuery(nil), Orders:[]model.Order(nil), Limit:(*int)(nil), Offset:(*int)(nil), InQueries:[]*model.InQuery(nil), RangeQueries:[]*model.RangeQuery(nil), CompareQueries:[]*model.CompareQuery(nil), NotInQueries:[]map[string]interface {}(nil), GroupFields:[]string(nil), DistinctQueries:[]string(nil)}]
2024-10-23 17:15:19 [WARN] [C:/Users/赤/Desktop/大四/ticket-service/database/common.go:281] [train_seat]DeleteEntityByFilter Warn.filter[map[string]interface {}{"id":4}] params[model.QueryParams{SubQueries:[]*model.SubQuery(nil), Orders:[]model.Order(nil), Limit:(*int)(nil), Offset:(*int)(nil), InQueries:[]*model.InQuery(nil), RangeQueries:[]*model.RangeQuery(nil), CompareQueries:[]*model.CompareQuery(nil), NotInQueries:[]map[string]interface {}(nil), GroupFields:[]string(nil), DistinctQueries:[]string(nil)}]
2024-10-23 17:20:33 [EROR] [C:/Users/赤/Desktop/大四/ticket-service/httpserver/app/response.go:41] Request [POST] [/api/create_train_station] Error.HttpCode[500] BusinessCode[0] Message[车站名已经存在] ErrDetail[车站名已经存在]
2024-10-23 17:20:39 [EROR] [C:/Users/赤/Desktop/大四/ticket-service/httpserver/app/response.go:41] Request [POST] [/api/create_train_station] Error.HttpCode[500] BusinessCode[0] Message[车站编码已经存在] ErrDetail[车站编码已经存在]
2024-10-23 17:29:53 [EROR] [C:/Users/赤/Desktop/大四/ticket-service/httpserver/app/response.go:41] Request [DELETE] [/api/delete_train_station2] Error.HttpCode[404] BusinessCode[5001] Message[请求URL不存在] ErrDetail[<nil>]
2024-10-23 17:30:05 [EROR] [C:/Users/赤/Desktop/大四/ticket-service/httpserver/app/response.go:41] Request [DELETE] [/api/delete_train_station] Error.HttpCode[404] BusinessCode[5001] Message[请求URL不存在] ErrDetail[<nil>]
2024-10-23 17:30:30 [EROR] [C:/Users/赤/Desktop/大四/ticket-service/httpserver/app/response.go:41] Request [DELETE] [/api/delete_train_station/] Error.HttpCode[404] BusinessCode[5001] Message[请求URL不存在] ErrDetail[<nil>]
2024-10-23 17:32:56 [EROR] [C:/Users/赤/Desktop/大四/ticket-service/httpserver/app/response.go:41] Request [POST] [/api/update_train_station] Error.HttpCode[401] BusinessCode[5002] Message[读取请求参数失败] ErrDetail[<nil>]
2024-10-23 17:33:03 [EROR] [C:/Users/赤/Desktop/大四/ticket-service/httpserver/app/response.go:41] Request [POST] [/api/update_train_station] Error.HttpCode[500] BusinessCode[0] Message[车站名已经存在] ErrDetail[车站名已经存在]
2024-10-24 09:34:35 [EROR] [C:/Users/赤/Desktop/大四/ticket-service/httpserver/app/response.go:41] Request [GET] [/api/query_train_info] Error.HttpCode[401] BusinessCode[9999] Message[非法登录] ErrDetail[<nil>]
2024-10-24 09:34:41 [EROR] [C:/Users/赤/Desktop/大四/ticket-service/httpserver/app/response.go:41] Request [GET] [/favicon.ico] Error.HttpCode[404] BusinessCode[5001] Message[请求URL不存在] ErrDetail[<nil>]
2024-10-24 09:35:03 [EROR] [C:/Users/赤/Desktop/大四/ticket-service/httpserver/app/response.go:41] Request [GET] [/api/query_train_info] Error.HttpCode[401] BusinessCode[9999] Message[非法登录] ErrDetail[<nil>]
2024-10-24 09:57:43 [EROR] [C:/Users/赤/Desktop/大四/ticket-service/httpserver/app/response.go:41] Request [GET] [/api/query_train_info] Error.HttpCode[401] BusinessCode[9999] Message[非法登录] ErrDetail[<nil>]
2024-10-29 16:45:54 [EROR] [C:/Users/赤/Desktop/大四/ticket-service/httpserver/app/response.go:40] Request [POST] [/api/create_train_info] Error.HttpCode[200] BusinessCode[0] Message[车次已经存在] ErrDetail[车次已经存在]
2024-10-29 18:16:48 [EROR] [C:/Users/赤/Desktop/大四/ticket-service/database/database.go:116] init table[user_order] error.[invalid field found for struct ticket-service/database/model.UserOrder's field StartStationInfo: define a valid foreign key for relations or implement the Valuer/Scanner interface]
